#
# There is insufficient memory for the Java Runtime Environment to continue.
# Native memory allocation (mmap) failed to map 65536 bytes for Failed to commit metaspace.
# Possible reasons:
#   The system is out of physical RAM or swap space
#   The process is running with CompressedOops enabled, and the Java Heap may be blocking the growth of the native heap
# Possible solutions:
#   Reduce memory load on the system
#   Increase physical memory or swap space
#   Check if swap backing store is full
#   Decrease Java heap size (-Xmx/-Xms)
#   Decrease number of Java threads
#   Decrease Java thread stack sizes (-Xss)
#   Set larger code cache with -XX:ReservedCodeCacheSize=
#   JVM is running with Unscaled Compressed Oops mode in which the Java heap is
#     placed in the first 4GB address space. The Java Heap base address is the
#     maximum limit for the native heap growth. Please use -XX:HeapBaseMinAddress
#     to set the Java Heap base and to place the Java Heap above 4GB virtual address.
# This output file may be truncated or incomplete.
#
#  Out of Memory Error (virtualSpaceNode.cpp:110), pid=12160, tid=8712
#
# JRE version: Java(TM) SE Runtime Environment (18.0.1.1+2) (build 18.0.1.1+2-6)
# Java VM: Java HotSpot(TM) 64-Bit Server VM (18.0.1.1+2-6, mixed mode, emulated-client, sharing, tiered, compressed oops, compressed class ptrs, g1 gc, windows-amd64)
# No core dump will be written. Minidumps are not enabled by default on client versions of Windows
#

---------------  S U M M A R Y ------------

Command Line: -agentlib:jdwp=transport=dt_socket,address=127.0.0.1:50838,suspend=y,server=n -XX:TieredStopAtLevel=1 -Dspring.output.ansi.enabled=always -Dcom.sun.management.jmxremote -Dspring.jmx.enabled=true -Dspring.liveBeansView.mbeanDomain -Dspring.application.admin.enabled=true -Dmanagement.endpoints.jmx.exposure.include=* -javaagent:C:\Users\Asus\AppData\Local\JetBrains\IntelliJIdea2022.3\captureAgent\debugger-agent.jar -Dfile.encoding=UTF-8 -Dsun.stdout.encoding=UTF-8 -Dsun.stderr.encoding=UTF-8 ru.maxima.finalproject.FinalprojectApplication

Host: AMD Ryzen 3 3200U with Radeon Vega Mobile Gfx  , 4 cores, 5G,  Windows 10 , 64 bit Build 17763 (10.0.17763.4131)
Time: Fri Apr  7 13:59:11 2023 RTZ 2 (зима) elapsed time: 8.235993 seconds (0d 0h 0m 8s)

---------------  T H R E A D  ---------------

Current thread (0x000001792157a390):  JavaThread "restartedMain" [_thread_in_vm, id=8712, stack(0x0000003246c00000,0x0000003246d00000)]

Stack: [0x0000003246c00000,0x0000003246d00000]
Native frames: (J=compiled Java code, j=interpreted, Vv=VM code, C=native code)
V  [jvm.dll+0x69887a]
V  [jvm.dll+0x7f38bd]
V  [jvm.dll+0x7f51ce]
V  [jvm.dll+0x7f5883]
V  [jvm.dll+0x25ca3f]
V  [jvm.dll+0x7ef5cb]
V  [jvm.dll+0x63ea76]
V  [jvm.dll+0x1d721e]
V  [jvm.dll+0x64141b]
V  [jvm.dll+0x64121e]
V  [jvm.dll+0x63f43e]
V  [jvm.dll+0x2524a0]
V  [jvm.dll+0x202d5d]
V  [jvm.dll+0x1f8781]
V  [jvm.dll+0x55d685]
V  [jvm.dll+0x76db23]
V  [jvm.dll+0x76dc04]
V  [jvm.dll+0x42d234]
V  [jvm.dll+0x432f3f]
C  [java.dll+0x17ec]

Java frames: (J=compiled Java code, j=interpreted, Vv=VM code)
J 1101  java.lang.ClassLoader.defineClass1(Ljava/lang/ClassLoader;Ljava/lang/String;[BIILjava/security/ProtectionDomain;Ljava/lang/String;)Ljava/lang/Class; java.base@18.0.1.1 (0 bytes) @ 0x000001791b148063 [0x000001791b147fa0+0x00000000000000c3]
J 1282 c1 java.lang.ClassLoader.defineClass(Ljava/lang/String;[BIILjava/security/ProtectionDomain;)Ljava/lang/Class; java.base@18.0.1.1 (43 bytes) @ 0x000001791b196214 [0x000001791b1960e0+0x0000000000000134]
J 1114 c1 jdk.internal.loader.BuiltinClassLoader.defineClass(Ljava/lang/String;Ljdk/internal/loader/Resource;)Ljava/lang/Class; java.base@18.0.1.1 (121 bytes) @ 0x000001791b152d1c [0x000001791b152820+0x00000000000004fc]
J 1094 c1 jdk.internal.loader.BuiltinClassLoader.findClassOnClassPathOrNull(Ljava/lang/String;)Ljava/lang/Class; java.base@18.0.1.1 (64 bytes) @ 0x000001791b1476bc [0x000001791b1473e0+0x00000000000002dc]
J 974 c1 jdk.internal.loader.BuiltinClassLoader.loadClassOrNull(Ljava/lang/String;Z)Ljava/lang/Class; java.base@18.0.1.1 (143 bytes) @ 0x000001791b1052d4 [0x000001791b104ee0+0x00000000000003f4]
J 1028 c1 jdk.internal.loader.ClassLoaders$AppClassLoader.loadClass(Ljava/lang/String;Z)Ljava/lang/Class; java.base@18.0.1.1 (40 bytes) @ 0x000001791b12589c [0x000001791b125840+0x000000000000005c]
J 1025 c1 java.lang.ClassLoader.loadClass(Ljava/lang/String;)Ljava/lang/Class; java.base@18.0.1.1 (7 bytes) @ 0x000001791b124cfc [0x000001791b124ca0+0x000000000000005c]
v  ~StubRoutines::call_stub
J 2910  java.lang.Class.getDeclaredMethods0(Z)[Ljava/lang/reflect/Method; java.base@18.0.1.1 (0 bytes) @ 0x000001791b4fa863 [0x000001791b4fa820+0x0000000000000043]
J 1954 c1 java.lang.Class.privateGetDeclaredMethods(Z)[Ljava/lang/reflect/Method; java.base@18.0.1.1 (64 bytes) @ 0x000001791b345b9c [0x000001791b345b00+0x000000000000009c]
J 2834 c1 java.lang.Class.privateGetPublicMethods()[Ljava/lang/reflect/Method; java.base@18.0.1.1 (224 bytes) @ 0x000001791b4e2f24 [0x000001791b4e2dc0+0x0000000000000164]
J 2834 c1 java.lang.Class.privateGetPublicMethods()[Ljava/lang/reflect/Method; java.base@18.0.1.1 (224 bytes) @ 0x000001791b4e30bc [0x000001791b4e2dc0+0x00000000000002fc]
J 3270 c1 java.lang.Class.getMethods()[Ljava/lang/reflect/Method; java.base@18.0.1.1 (26 bytes) @ 0x000001791b5a0afc [0x000001791b5a0ac0+0x000000000000003c]
j  java.lang.reflect.Proxy$ProxyBuilder.referencedTypes(Ljava/lang/ClassLoader;Ljava/util/List;)Ljava/util/Set;+37 java.base@18.0.1.1
j  java.lang.reflect.Proxy$ProxyBuilder.<init>(Ljava/lang/ClassLoader;Ljava/util/List;)V+67 java.base@18.0.1.1
j  java.lang.reflect.Proxy$ProxyBuilder.<init>(Ljava/lang/ClassLoader;Ljava/lang/Class;)V+6 java.base@18.0.1.1
j  java.lang.reflect.Proxy.lambda$getProxyConstructor$0(Ljava/lang/ClassLoader;Ljdk/internal/loader/AbstractClassLoaderValue$Sub;)Ljava/lang/reflect/Constructor;+12 java.base@18.0.1.1
j  java.lang.reflect.Proxy$$Lambda$22+0x0000000800c71f08.apply(Ljava/lang/Object;Ljava/lang/Object;)Ljava/lang/Object;+8 java.base@18.0.1.1
j  jdk.internal.loader.AbstractClassLoaderValue$Memoizer.get()Ljava/lang/Object;+75 java.base@18.0.1.1
J 2255 c1 jdk.internal.loader.AbstractClassLoaderValue.computeIfAbsent(Ljava/lang/ClassLoader;Ljava/util/function/BiFunction;)Ljava/lang/Object; java.base@18.0.1.1 (113 bytes) @ 0x000001791b3c4b5c [0x000001791b3c4840+0x000000000000031c]
J 2269 c1 java.lang.reflect.Proxy.getProxyConstructor(Ljava/lang/Class;Ljava/lang/ClassLoader;[Ljava/lang/Class;)Ljava/lang/reflect/Constructor; java.base@18.0.1.1 (92 bytes) @ 0x000001791b3cacec [0x000001791b3ca840+0x00000000000004ac]
J 2268 c1 java.lang.reflect.Proxy.newProxyInstance(Ljava/lang/ClassLoader;[Ljava/lang/Class;Ljava/lang/reflect/InvocationHandler;)Ljava/lang/Object; java.base@18.0.1.1 (35 bytes) @ 0x000001791b3c9284 [0x000001791b3c9240+0x0000000000000044]
j  net.bytebuddy.description.type.TypeDescription$LazyProxy.of(Ljava/lang/Class;)Lnet/bytebuddy/description/type/TypeDescription;+22
j  net.bytebuddy.description.type.TypeDescription.<clinit>()V+2
v  ~StubRoutines::call_stub
j  net.bytebuddy.dynamic.scaffold.InstrumentedType$Factory$Default.subclass(Ljava/lang/String;ILnet/bytebuddy/description/type/TypeDescription$Generic;)Lnet/bytebuddy/dynamic/scaffold/InstrumentedType$WithFlexibleName;+34
j  net.bytebuddy.ByteBuddy.subclass(Lnet/bytebuddy/description/type/TypeDefinition;Lnet/bytebuddy/dynamic/scaffold/subclass/ConstructorStrategy;)Lnet/bytebuddy/dynamic/DynamicType$Builder;+157
j  org.hibernate.proxy.pojo.bytebuddy.ByteBuddyProxyHelper.lambda$proxyBuilder$0(Lorg/hibernate/bytecode/internal/bytebuddy/ByteBuddyState$ProxyDefinitionHelpers;Lnet/bytebuddy/description/type/TypeDefinition;Ljava/util/Collection;Lnet/bytebuddy/ByteBuddy;)Lnet/bytebuddy/dynamic/DynamicType$Builder;+54
j  org.hibernate.proxy.pojo.bytebuddy.ByteBuddyProxyHelper$$Lambda$903+0x00000008011f3728.apply(Ljava/lang/Object;)Ljava/lang/Object;+16
j  org.hibernate.bytecode.internal.bytebuddy.ByteBuddyState$1.run()Ljava/lang/Class;+15
j  org.hibernate.bytecode.internal.bytebuddy.ByteBuddyState$1.run()Ljava/lang/Object;+1
j  org.hibernate.bytecode.internal.bytebuddy.ByteBuddyState.lambda$load$0(Ljava/util/function/Function;Ljava/lang/Class;)Ljava/lang/Class;+28
j  org.hibernate.bytecode.internal.bytebuddy.ByteBuddyState$$Lambda$904+0x00000008011f3958.call()Ljava/lang/Object;+12
j  net.bytebuddy.TypeCache.findOrInsert(Ljava/lang/ClassLoader;Ljava/lang/Object;Ljava/util/concurrent/Callable;)Ljava/lang/Class;+20
j  net.bytebuddy.TypeCache.findOrInsert(Ljava/lang/ClassLoader;Ljava/lang/Object;Ljava/util/concurrent/Callable;Ljava/lang/Object;)Ljava/lang/Class;+26
j  org.hibernate.bytecode.internal.bytebuddy.ByteBuddyState.load(Ljava/lang/Class;Lnet/bytebuddy/TypeCache;Lnet/bytebuddy/TypeCache$SimpleKey;Ljava/util/function/Function;)Ljava/lang/Class;+16
j  org.hibernate.bytecode.internal.bytebuddy.ByteBuddyState.loadProxy(Ljava/lang/Class;Lnet/bytebuddy/TypeCache$SimpleKey;Ljava/util/function/Function;)Ljava/lang/Class;+8
j  org.hibernate.proxy.pojo.bytebuddy.ByteBuddyProxyHelper.buildProxy(Ljava/lang/Class;[Ljava/lang/Class;)Ljava/lang/Class;+57
j  org.hibernate.proxy.pojo.bytebuddy.ByteBuddyProxyFactory.postInstantiate(Ljava/lang/String;Ljava/lang/Class;Ljava/util/Set;Ljava/lang/reflect/Method;Ljava/lang/reflect/Method;Lorg/hibernate/type/CompositeType;)V+55
j  org.hibernate.metamodel.internal.EntityRepresentationStrategyPojoStandard.createProxyFactory(Lorg/hibernate/mapping/PersistentClass;Lorg/hibernate/bytecode/spi/BytecodeProvider;Lorg/hibernate/metamodel/spi/RuntimeModelCreationContext;)Lorg/hibernate/proxy/ProxyFactory;+485
j  org.hibernate.metamodel.internal.EntityRepresentationStrategyPojoStandard.<init>(Lorg/hibernate/mapping/PersistentClass;Lorg/hibernate/persister/entity/EntityPersister;Lorg/hibernate/metamodel/spi/RuntimeModelCreationContext;)V+279
j  org.hibernate.metamodel.internal.ManagedTypeRepresentationResolverStandard.resolveStrategy(Lorg/hibernate/mapping/PersistentClass;Lorg/hibernate/persister/entity/EntityPersister;Lorg/hibernate/metamodel/spi/RuntimeModelCreationContext;)Lorg/hibernate/metamodel/spi/EntityRepresentationStrategy;+53
j  org.hibernate.persister.entity.AbstractEntityPersister.<init>(Lorg/hibernate/mapping/PersistentClass;Lorg/hibernate/cache/spi/access/EntityDataAccess;Lorg/hibernate/cache/spi/access/NaturalIdDataAccess;Lorg/hibernate/metamodel/spi/RuntimeModelCreationContext;)V+236
j  org.hibernate.persister.entity.SingleTableEntityPersister.<init>(Lorg/hibernate/mapping/PersistentClass;Lorg/hibernate/cache/spi/access/EntityDataAccess;Lorg/hibernate/cache/spi/access/NaturalIdDataAccess;Lorg/hibernate/metamodel/spi/RuntimeModelCreationContext;)V+6
j  java.lang.invoke.LambdaForm$DMH+0x0000000800d08000.newInvokeSpecial(Ljava/lang/Object;Ljava/lang/Object;Ljava/lang/Object;Ljava/lang/Object;Ljava/lang/Object;)Ljava/lang/Object;+24 java.base@18.0.1.1
j  java.lang.invoke.LambdaForm$MH+0x00000008011e9000.invoke(Ljava/lang/Object;Ljava/lang/Object;)Ljava/lang/Object;+122 java.base@18.0.1.1
j  java.lang.invoke.Invokers$Holder.invokeExact_MT(Ljava/lang/Object;Ljava/lang/Object;Ljava/lang/Object;)Ljava/lang/Object;+19 java.base@18.0.1.1
J 1997 c1 jdk.internal.reflect.DirectConstructorHandleAccessor.newInstance([Ljava/lang/Object;)Ljava/lang/Object; java.base@18.0.1.1 (148 bytes) @ 0x000001791b35a34c [0x000001791b359de0+0x000000000000056c]
J 1996 c1 java.lang.reflect.Constructor.newInstanceWithCaller([Ljava/lang/Object;ZLjava/lang/Class;)Ljava/lang/Object; java.base@18.0.1.1 (51 bytes) @ 0x000001791b35897c [0x000001791b3588c0+0x00000000000000bc]
J 2029 c1 java.lang.reflect.Constructor.newInstance([Ljava/lang/Object;)Ljava/lang/Object; java.base@18.0.1.1 (34 bytes) @ 0x000001791b3676e4 [0x000001791b367640+0x00000000000000a4]
j  org.hibernate.persister.internal.PersisterFactoryImpl.createEntityPersister(Ljava/lang/Class;Lorg/hibernate/mapping/PersistentClass;Lorg/hibernate/cache/spi/access/EntityDataAccess;Lorg/hibernate/cache/spi/access/NaturalIdDataAccess;Lorg/hibernate/metamodel/spi/RuntimeModelCreationContext;)Lorg/hibernate/persister/entity/EntityPersister;+31
j  org.hibernate.persister.internal.PersisterFactoryImpl.createEntityPersister(Lorg/hibernate/mapping/PersistentClass;Lorg/hibernate/cache/spi/access/EntityDataAccess;Lorg/hibernate/cache/spi/access/NaturalIdDataAccess;Lorg/hibernate/metamodel/spi/RuntimeModelCreationContext;)Lorg/hibernate/persister/entity/EntityPersister;+31
j  org.hibernate.metamodel.model.domain.internal.MappingMetamodelImpl.processBootEntities(Ljava/util/Collection;Lorg/hibernate/cache/spi/CacheImplementor;Lorg/hibernate/persister/spi/PersisterFactory;Lorg/hibernate/metamodel/spi/RuntimeModelCreationContext;)V+76
j  org.hibernate.metamodel.model.domain.internal.MappingMetamodelImpl.finishInitialization(Lorg/hibernate/boot/spi/MetadataImplementor;Lorg/hibernate/boot/spi/BootstrapContext;Lorg/hibernate/engine/spi/SessionFactoryImplementor;)V+113
j  org.hibernate.metamodel.internal.RuntimeMetamodelsImpl.finishInitialization(Lorg/hibernate/boot/spi/MetadataImplementor;Lorg/hibernate/boot/spi/BootstrapContext;Lorg/hibernate/internal/SessionFactoryImpl;)V+23
j  org.hibernate.internal.SessionFactoryImpl.<init>(Lorg/hibernate/boot/spi/MetadataImplementor;Lorg/hibernate/boot/spi/SessionFactoryOptions;)V+686
j  org.hibernate.boot.internal.SessionFactoryBuilderImpl.build()Lorg/hibernate/SessionFactory;+59
j  org.hibernate.jpa.boot.internal.EntityManagerFactoryBuilderImpl.build()Ljakarta/persistence/EntityManagerFactory;+22
j  org.springframework.orm.jpa.vendor.SpringHibernateJpaPersistenceProvider.createContainerEntityManagerFactory(Ljakarta/persistence/spi/PersistenceUnitInfo;Ljava/util/Map;)Ljakarta/persistence/EntityManagerFactory;+59
j  org.springframework.orm.jpa.LocalContainerEntityManagerFactoryBean.createNativeEntityManagerFactory()Ljakarta/persistence/EntityManagerFactory;+111
j  org.springframework.orm.jpa.AbstractEntityManagerFactoryBean.buildNativeEntityManagerFactory()Ljakarta/persistence/EntityManagerFactory;+1
j  org.springframework.orm.jpa.AbstractEntityManagerFactoryBean.afterPropertiesSet()V+192
j  org.springframework.orm.jpa.LocalContainerEntityManagerFactoryBean.afterPropertiesSet()V+84
j  org.springframework.beans.factory.support.AbstractAutowireCapableBeanFactory.invokeInitMethods(Ljava/lang/String;Ljava/lang/Object;Lorg/springframework/beans/factory/support/RootBeanDefinition;)V+56
j  org.springframework.beans.factory.support.AbstractAutowireCapableBeanFactory.initializeBean(Ljava/lang/String;Ljava/lang/Object;Lorg/springframework/beans/factory/support/RootBeanDefinition;)Ljava/lang/Object;+34
j  org.springframework.beans.factory.support.AbstractAutowireCapableBeanFactory.doCreateBean(Ljava/lang/String;Lorg/springframework/beans/factory/support/RootBeanDefinition;[Ljava/lang/Object;)Ljava/lang/Object;+228
j  org.springframework.beans.factory.support.AbstractAutowireCapableBeanFactory.createBean(Ljava/lang/String;Lorg/springframework/beans/factory/support/RootBeanDefinition;[Ljava/lang/Object;)Ljava/lang/Object;+153
j  org.springframework.beans.factory.support.AbstractBeanFactory.lambda$doGetBean$0(Ljava/lang/String;Lorg/springframework/beans/factory/support/RootBeanDefinition;[Ljava/lang/Object;)Ljava/lang/Object;+4
j  org.springframework.beans.factory.support.AbstractBeanFactory$$Lambda$345+0x0000000800decfb8.getObject()Ljava/lang/Object;+16
j  org.springframework.beans.factory.support.DefaultSingletonBeanRegistry.getSingleton(Ljava/lang/String;Lorg/springframework/beans/factory/ObjectFactory;)Ljava/lang/Object;+114
J 2525 c1 org.springframework.beans.factory.support.AbstractBeanFactory.doGetBean(Ljava/lang/String;Ljava/lang/Class;[Ljava/lang/Object;Z)Ljava/lang/Object; (714 bytes) @ 0x000001791b4494ac [0x000001791b448ee0+0x00000000000005cc]
j  org.springframework.beans.factory.support.AbstractBeanFactory.getBean(Ljava/lang/String;)Ljava/lang/Object;+5
j  org.springframework.context.support.AbstractApplicationContext.getBean(Ljava/lang/String;)Ljava/lang/Object;+9
j  org.springframework.context.support.AbstractApplicationContext.finishBeanFactoryInitialization(Lorg/springframework/beans/factory/config/ConfigurableListableBeanFactory;)V+106
j  org.springframework.context.support.AbstractApplicationContext.refresh()V+86
j  org.springframework.boot.web.servlet.context.ServletWebServerApplicationContext.refresh()V+1
j  org.springframework.boot.SpringApplication.refresh(Lorg/springframework/context/ConfigurableApplicationContext;)V+1
j  org.springframework.boot.SpringApplication.refreshContext(Lorg/springframework/context/ConfigurableApplicationContext;)V+16
j  org.springframework.boot.SpringApplication.run([Ljava/lang/String;)Lorg/springframework/context/ConfigurableApplicationContext;+101
j  org.springframework.boot.SpringApplication.run([Ljava/lang/Class;[Ljava/lang/String;)Lorg/springframework/context/ConfigurableApplicationContext;+9
j  org.springframework.boot.SpringApplication.run(Ljava/lang/Class;[Ljava/lang/String;)Lorg/springframework/context/ConfigurableApplicationContext;+9
j  ru.maxima.finalproject.FinalprojectApplication.main([Ljava/lang/String;)V+3
j  java.lang.invoke.LambdaForm$DMH+0x0000000800c03400.invokeStatic(Ljava/lang/Object;Ljava/lang/Object;)V+10 java.base@18.0.1.1
j  java.lang.invoke.LambdaForm$MH+0x0000000800d05000.invoke(Ljava/lang/Object;Ljava/lang/Object;Ljava/lang/Object;)Ljava/lang/Object;+33 java.base@18.0.1.1
j  java.lang.invoke.Invokers$Holder.invokeExact_MT(Ljava/lang/Object;Ljava/lang/Object;Ljava/lang/Object;Ljava/lang/Object;)Ljava/lang/Object;+20 java.base@18.0.1.1
j  jdk.internal.reflect.DirectMethodHandleAccessor.invokeImpl(Ljava/lang/Object;[Ljava/lang/Object;)Ljava/lang/Object;+55 java.base@18.0.1.1
j  jdk.internal.reflect.DirectMethodHandleAccessor.invoke(Ljava/lang/Object;[Ljava/lang/Object;)Ljava/lang/Object;+23 java.base@18.0.1.1
j  java.lang.reflect.Method.invoke(Ljava/lang/Object;[Ljava/lang/Object;)Ljava/lang/Object;+102 java.base@18.0.1.1
j  org.springframework.boot.devtools.restart.RestartLauncher.run()V+42
v  ~StubRoutines::call_stub

---------------  P R O C E S S  ---------------

Threads class SMR info:
_java_thread_list=0x0000017927ce99a0, length=24, elements={
0x000001791355d210, 0x000001792155a5e0, 0x000001792155b520, 0x0000017921570b40,
0x00000179215713f0, 0x0000017921574080, 0x0000017921579520, 0x000001792157c0d0,
0x000001792157d2a0, 0x0000017921578b80, 0x0000017927cf52c0, 0x0000017927d420a0,
0x0000017927d45ce0, 0x0000017927d461c0, 0x0000017921579050, 0x00000179215786b0,
0x0000017921579ec0, 0x000001792157a390, 0x0000017928e6bd10, 0x00000179215799f0,
0x000001792157a860, 0x0000017921576ea0, 0x0000017921577d10, 0x0000017921577370
}

Java Threads: ( => current thread )
  0x000001791355d210 JavaThread "main" [_thread_blocked, id=1136, stack(0x0000003245000000,0x0000003245100000)]
  0x000001792155a5e0 JavaThread "Reference Handler" daemon [_thread_blocked, id=10544, stack(0x0000003245700000,0x0000003245800000)]
  0x000001792155b520 JavaThread "Finalizer" daemon [_thread_blocked, id=9952, stack(0x0000003245800000,0x0000003245900000)]
  0x0000017921570b40 JavaThread "Signal Dispatcher" daemon [_thread_blocked, id=1660, stack(0x0000003245900000,0x0000003245a00000)]
  0x00000179215713f0 JavaThread "Attach Listener" daemon [_thread_blocked, id=4360, stack(0x0000003245a00000,0x0000003245b00000)]
  0x0000017921574080 JavaThread "Service Thread" daemon [_thread_blocked, id=6188, stack(0x0000003245b00000,0x0000003245c00000)]
  0x0000017921579520 JavaThread "Monitor Deflation Thread" daemon [_thread_blocked, id=5928, stack(0x0000003245c00000,0x0000003245d00000)]
  0x000001792157c0d0 JavaThread "C1 CompilerThread0" daemon [_thread_blocked, id=4204, stack(0x0000003245d00000,0x0000003245e00000)]
  0x000001792157d2a0 JavaThread "Sweeper thread" daemon [_thread_blocked, id=11960, stack(0x0000003245e00000,0x0000003245f00000)]
  0x0000017921578b80 JavaThread "Common-Cleaner" daemon [_thread_blocked, id=2836, stack(0x0000003245f00000,0x0000003246000000)]
  0x0000017927cf52c0 JavaThread "C1 CompilerThread1" daemon [_thread_blocked, id=2640, stack(0x0000003246000000,0x0000003246100000)]
  0x0000017927d420a0 JavaThread "JDWP Transport Listener: dt_socket" daemon [_thread_blocked, id=5192, stack(0x0000003246100000,0x0000003246200000)]
  0x0000017927d45ce0 JavaThread "JDWP Event Helper Thread" daemon [_thread_blocked, id=1456, stack(0x0000003246200000,0x0000003246300000)]
  0x0000017927d461c0 JavaThread "JDWP Command Reader" daemon [_thread_in_native, id=2392, stack(0x0000003246300000,0x0000003246400000)]
  0x0000017921579050 JavaThread "Notification Thread" daemon [_thread_blocked, id=8092, stack(0x0000003246400000,0x0000003246500000)]
  0x00000179215786b0 JavaThread "RMI TCP Accept-0" daemon [_thread_in_native, id=3492, stack(0x0000003246900000,0x0000003246a00000)]
  0x0000017921579ec0 JavaThread "Thread-0" [_thread_blocked, id=9668, stack(0x0000003246b00000,0x0000003246c00000)]
=>0x000001792157a390 JavaThread "restartedMain" [_thread_in_vm, id=8712, stack(0x0000003246c00000,0x0000003246d00000)]
  0x0000017928e6bd10 JavaThread "C1 CompilerThread2" daemon [_thread_blocked, id=4020, stack(0x0000003246e00000,0x0000003246f00000)]
  0x00000179215799f0 JavaThread "Catalina-utility-1" [_thread_blocked, id=8088, stack(0x0000003246d00000,0x0000003246e00000)]
  0x000001792157a860 JavaThread "Catalina-utility-2" [_thread_blocked, id=8892, stack(0x0000003246f00000,0x0000003247000000)]
  0x0000017921576ea0 JavaThread "container-0" [_thread_blocked, id=11852, stack(0x0000003247000000,0x0000003247100000)]
  0x0000017921577d10 JavaThread "HikariPool-1 housekeeper" daemon [_thread_blocked, id=10512, stack(0x0000003247200000,0x0000003247300000)]
  0x0000017921577370 JavaThread "HikariPool-1 connection adder" daemon [_thread_blocked, id=3652, stack(0x0000003247300000,0x0000003247400000)]

Other Threads:
  0x00000179213d50f0 VMThread "VM Thread" [stack: 0x0000003245600000,0x0000003245700000] [id=9704]
  0x000001792824cc20 WatcherThread "VM Periodic Task Thread" [stack: 0x0000003246a00000,0x0000003246b00000] [id=3868]
  0x00000179213bf1a0 WorkerThread "GC Thread#0" [stack: 0x0000003245100000,0x0000003245200000] [id=9496]
  0x00000179280e4d70 WorkerThread "GC Thread#1" [stack: 0x0000003246500000,0x0000003246600000] [id=2224]
  0x00000179280e57f0 WorkerThread "GC Thread#2" [stack: 0x0000003246600000,0x0000003246700000] [id=11396]
  0x00000179280e5010 WorkerThread "GC Thread#3" [stack: 0x0000003246700000,0x0000003246800000] [id=11012]
  0x00000179213ccc10 ConcurrentGCThread "G1 Main Marker" [stack: 0x0000003245200000,0x0000003245300000] [id=5712]
  0x00000179213ce070 WorkerThread "G1 Conc#0" [stack: 0x0000003245300000,0x0000003245400000] [id=10400]
  0x00000179214065b0 ConcurrentGCThread "G1 Refine#0" [stack: 0x0000003245400000,0x0000003245500000] [id=6024]
  0x00000179282b69e0 ConcurrentGCThread "G1 Refine#1" [stack: 0x0000003246800000,0x0000003246900000] [id=6812]
  0x0000017921406dd0 ConcurrentGCThread "G1 Service" [stack: 0x0000003245500000,0x0000003245600000] [id=2616]

Threads with active compile tasks:

VM state: not at safepoint (normal execution)

VM Mutex/Monitor currently owned by a thread:  ([mutex/lock_event])
[0x0000017913557460] Metaspace_lock - owner thread: 0x000001792157a390

Heap address: 0x00000000a0c00000, size: 1524 MB, Compressed Oops mode: 32-bit

CDS archive(s) mapped at: [0x0000000800000000-0x0000000800ba0000-0x0000000800ba0000), size 12189696, SharedBaseAddress: 0x0000000800000000, ArchiveRelocationMode: 0.
Compressed class space mapped at: 0x0000000800c00000-0x0000000840c00000, reserved size: 1073741824
Narrow klass base: 0x0000000800000000, Narrow klass shift: 0, Narrow klass range: 0x100000000

GC Precious Log:
 CardTable entry size: 512
 Card Set container configuration: InlinePtr #cards 5 size 8 Array Of Cards #cards 12 size 40 Howl #buckets 4 coarsen threshold 1843 Howl Bitmap #cards 512 size 80 coarsen threshold 460 Card regions per heap region 1 cards per card region 2048
 CPUs: 4 total, 4 available
 Memory: 6094M
 Large Page Support: Disabled
 NUMA Support: Disabled
 Compressed Oops: Enabled (32-bit)
 Heap Region Size: 1M
 Heap Min Capacity: 8M
 Heap Initial Capacity: 96M
 Heap Max Capacity: 1524M
 Pre-touch: Disabled
 Parallel Workers: 4
 Concurrent Workers: 1
 Concurrent Refinement Workers: 4
 Periodic GC: Disabled

Heap:
 garbage-first heap   total 51200K, used 30810K [0x00000000a0c00000, 0x0000000100000000)
  region size 1024K, 15 young (15360K), 3 survivors (3072K)
 Metaspace       used 43458K, committed 43968K, reserved 1114112K
  class space    used 5944K, committed 6208K, reserved 1048576K

Heap Regions: E=young(eden), S=young(survivor), O=old, HS=humongous(starts), HC=humongous(continues), CS=collection set, F=free, OA=open archive, CA=closed archive, TAMS=top-at-mark-start (previous, next)
|   0|0x00000000a0c00000, 0x00000000a0d00000, 0x00000000a0d00000|100%|HS|  |TAMS 0x00000000a0d00000, 0x00000000a0c00000| Complete 
|   1|0x00000000a0d00000, 0x00000000a0e00000, 0x00000000a0e00000|100%| O|  |TAMS 0x00000000a0e00000, 0x00000000a0d00000| Untracked 
|   2|0x00000000a0e00000, 0x00000000a0f00000, 0x00000000a0f00000|100%| O|  |TAMS 0x00000000a0f00000, 0x00000000a0e00000| Untracked 
|   3|0x00000000a0f00000, 0x00000000a1000000, 0x00000000a1000000|100%| O|  |TAMS 0x00000000a1000000, 0x00000000a0f00000| Untracked 
|   4|0x00000000a1000000, 0x00000000a1100000, 0x00000000a1100000|100%| O|  |TAMS 0x00000000a1100000, 0x00000000a1000000| Untracked 
|   5|0x00000000a1100000, 0x00000000a1200000, 0x00000000a1200000|100%| O|  |TAMS 0x00000000a1200000, 0x00000000a1100000| Untracked 
|   6|0x00000000a1200000, 0x00000000a1300000, 0x00000000a1300000|100%| O|  |TAMS 0x00000000a1300000, 0x00000000a1200000| Untracked 
|   7|0x00000000a1300000, 0x00000000a1400000, 0x00000000a1400000|100%| O|  |TAMS 0x00000000a1400000, 0x00000000a1300000| Untracked 
|   8|0x00000000a1400000, 0x00000000a1476e00, 0x00000000a1500000| 46%| O|  |TAMS 0x00000000a1476e00, 0x00000000a1400000| Untracked 
|   9|0x00000000a1500000, 0x00000000a1600000, 0x00000000a1600000|100%| O|  |TAMS 0x00000000a1600000, 0x00000000a1500000| Untracked 
|  10|0x00000000a1600000, 0x00000000a1700000, 0x00000000a1700000|100%| O|  |TAMS 0x00000000a1700000, 0x00000000a1600000| Untracked 
|  11|0x00000000a1700000, 0x00000000a1800000, 0x00000000a1800000|100%| O|  |TAMS 0x00000000a1800000, 0x00000000a1700000| Untracked 
|  12|0x00000000a1800000, 0x00000000a1900000, 0x00000000a1900000|100%| O|  |TAMS 0x00000000a1900000, 0x00000000a1800000| Untracked 
|  13|0x00000000a1900000, 0x00000000a1a00000, 0x00000000a1a00000|100%| O|  |TAMS 0x00000000a1a00000, 0x00000000a1900000| Untracked 
|  14|0x00000000a1a00000, 0x00000000a1b00000, 0x00000000a1b00000|100%| O|  |TAMS 0x00000000a1b00000, 0x00000000a1a00000| Untracked 
|  15|0x00000000a1b00000, 0x00000000a1c00000, 0x00000000a1c00000|100%| O|  |TAMS 0x00000000a1c00000, 0x00000000a1b00000| Untracked 
|  16|0x00000000a1c00000, 0x00000000a1d00000, 0x00000000a1d00000|100%| O|  |TAMS 0x00000000a1d00000, 0x00000000a1c00000| Untracked 
|  17|0x00000000a1d00000, 0x00000000a1e00000, 0x00000000a1e00000|100%| O|  |TAMS 0x00000000a1da2a00, 0x00000000a1d00000| Untracked 
|  18|0x00000000a1e00000, 0x00000000a1e9c800, 0x00000000a1f00000| 61%| O|  |TAMS 0x00000000a1e00000, 0x00000000a1e00000| Untracked 
|  19|0x00000000a1f00000, 0x00000000a1f00000, 0x00000000a2000000|  0%| F|  |TAMS 0x00000000a1f00000, 0x00000000a1f00000| Untracked 
|  20|0x00000000a2000000, 0x00000000a2000000, 0x00000000a2100000|  0%| F|  |TAMS 0x00000000a2000000, 0x00000000a2000000| Untracked 
|  21|0x00000000a2100000, 0x00000000a2100000, 0x00000000a2200000|  0%| F|  |TAMS 0x00000000a2100000, 0x00000000a2100000| Untracked 
|  22|0x00000000a2200000, 0x00000000a2200000, 0x00000000a2300000|  0%| F|  |TAMS 0x00000000a2200000, 0x00000000a2200000| Untracked 
|  23|0x00000000a2300000, 0x00000000a2300000, 0x00000000a2400000|  0%| F|  |TAMS 0x00000000a2300000, 0x00000000a2300000| Untracked 
|  24|0x00000000a2400000, 0x00000000a2400000, 0x00000000a2500000|  0%| F|  |TAMS 0x00000000a2400000, 0x00000000a2400000| Untracked 
|  25|0x00000000a2500000, 0x00000000a2503520, 0x00000000a2600000|  1%| S|CS|TAMS 0x00000000a2500000, 0x00000000a2500000| Complete 
|  26|0x00000000a2600000, 0x00000000a2700000, 0x00000000a2700000|100%| S|CS|TAMS 0x00000000a2600000, 0x00000000a2600000| Complete 
|  27|0x00000000a2700000, 0x00000000a2800000, 0x00000000a2800000|100%| S|CS|TAMS 0x00000000a2700000, 0x00000000a2700000| Complete 
|  28|0x00000000a2800000, 0x00000000a2800000, 0x00000000a2900000|  0%| F|  |TAMS 0x00000000a2800000, 0x00000000a2800000| Untracked 
|  29|0x00000000a2900000, 0x00000000a2900000, 0x00000000a2a00000|  0%| F|  |TAMS 0x00000000a2900000, 0x00000000a2900000| Untracked 
|  30|0x00000000a2a00000, 0x00000000a2a00000, 0x00000000a2b00000|  0%| F|  |TAMS 0x00000000a2a00000, 0x00000000a2a00000| Untracked 
|  31|0x00000000a2b00000, 0x00000000a2b00000, 0x00000000a2c00000|  0%| F|  |TAMS 0x00000000a2b00000, 0x00000000a2b00000| Untracked 
|  32|0x00000000a2c00000, 0x00000000a2c00000, 0x00000000a2d00000|  0%| F|  |TAMS 0x00000000a2c00000, 0x00000000a2c00000| Untracked 
|  33|0x00000000a2d00000, 0x00000000a2d00000, 0x00000000a2e00000|  0%| F|  |TAMS 0x00000000a2d00000, 0x00000000a2d00000| Untracked 
|  34|0x00000000a2e00000, 0x00000000a2e00000, 0x00000000a2f00000|  0%| F|  |TAMS 0x00000000a2e00000, 0x00000000a2e00000| Untracked 
|  35|0x00000000a2f00000, 0x00000000a2f00000, 0x00000000a3000000|  0%| F|  |TAMS 0x00000000a2f00000, 0x00000000a2f00000| Untracked 
|  36|0x00000000a3000000, 0x00000000a3000000, 0x00000000a3100000|  0%| F|  |TAMS 0x00000000a3000000, 0x00000000a3000000| Untracked 
|  37|0x00000000a3100000, 0x00000000a3100000, 0x00000000a3200000|  0%| F|  |TAMS 0x00000000a3100000, 0x00000000a3100000| Untracked 
|  38|0x00000000a3200000, 0x00000000a32c50b8, 0x00000000a3300000| 76%| E|  |TAMS 0x00000000a3200000, 0x00000000a3200000| Complete 
|  39|0x00000000a3300000, 0x00000000a3400000, 0x00000000a3400000|100%| E|CS|TAMS 0x00000000a3300000, 0x00000000a3300000| Complete 
|  40|0x00000000a3400000, 0x00000000a3500000, 0x00000000a3500000|100%| E|CS|TAMS 0x00000000a3400000, 0x00000000a3400000| Complete 
|  41|0x00000000a3500000, 0x00000000a3600000, 0x00000000a3600000|100%| E|CS|TAMS 0x00000000a3500000, 0x00000000a3500000| Complete 
|  42|0x00000000a3600000, 0x00000000a3700000, 0x00000000a3700000|100%| E|CS|TAMS 0x00000000a3600000, 0x00000000a3600000| Complete 
|  43|0x00000000a3700000, 0x00000000a3800000, 0x00000000a3800000|100%| E|CS|TAMS 0x00000000a3700000, 0x00000000a3700000| Complete 
|  72|0x00000000a5400000, 0x00000000a5500000, 0x00000000a5500000|100%| E|CS|TAMS 0x00000000a5400000, 0x00000000a5400000| Complete 
|  73|0x00000000a5500000, 0x00000000a5600000, 0x00000000a5600000|100%| E|CS|TAMS 0x00000000a5500000, 0x00000000a5500000| Complete 
|  74|0x00000000a5600000, 0x00000000a5700000, 0x00000000a5700000|100%| E|CS|TAMS 0x00000000a5600000, 0x00000000a5600000| Complete 
|  75|0x00000000a5700000, 0x00000000a5800000, 0x00000000a5800000|100%| E|CS|TAMS 0x00000000a5700000, 0x00000000a5700000| Complete 
|  76|0x00000000a5800000, 0x00000000a5900000, 0x00000000a5900000|100%| E|CS|TAMS 0x00000000a5800000, 0x00000000a5800000| Complete 
|  95|0x00000000a6b00000, 0x00000000a6c00000, 0x00000000a6c00000|100%| E|  |TAMS 0x00000000a6b00000, 0x00000000a6b00000| Complete 

Card table byte_map: [0x000001791de00000,0x000001791e100000] _byte_map_base: 0x000001791d8fa000

Marking Bits (Prev, Next): (CMBitMap*) 0x00000179213c0460, (CMBitMap*) 0x00000179213c04a0
 Prev Bits: [0x000001791e400000, 0x000001791fbd0000)
 Next Bits: [0x000001791fbd0000, 0x00000179213a0000)

Polling page: 0x00000179113c0000

Metaspace:

Usage:
  Non-class:     36.63 MB used.
      Class:      5.81 MB used.
       Both:     42.44 MB used.

Virtual space:
  Non-class space:       64.00 MB reserved,      36.88 MB ( 58%) committed,  1 nodes.
      Class space:        1.00 GB reserved,       6.06 MB ( <1%) committed,  1 nodes.
             Both:        1.06 GB reserved,      42.94 MB (  4%) committed. 

Chunk freelists:
   Non-Class:  2.92 MB
       Class:  1.98 MB
        Both:  4.91 MB

MaxMetaspaceSize: unlimited
CompressedClassSpaceSize: 1.00 GB
Initial GC threshold: 21.00 MB
Current GC threshold: 59.31 MB
CDS: on
MetaspaceReclaimPolicy: balanced
 - commit_granule_bytes: 65536.
 - commit_granule_words: 8192.
 - virtual_space_node_default_size: 8388608.
 - enlarge_chunks_in_place: 1.
 - new_chunks_are_fully_committed: 0.
 - uncommit_free_chunks: 1.
 - use_allocation_guard: 0.


Internal statistics:

num_allocs_failed_limit: 9.
num_arena_births: 722.
num_arena_deaths: 0.
num_vsnodes_births: 2.
num_vsnodes_deaths: 0.
num_space_committed: 687.
num_space_uncommitted: 0.
num_chunks_returned_to_freelist: 9.
num_chunks_taken_from_freelist: 2180.
num_chunk_merges: 9.
num_chunk_splits: 1625.
num_chunks_enlarged: 1289.
num_inconsistent_stats: 0.

CodeCache: size=49152Kb used=8967Kb max_used=8967Kb free=40184Kb
 bounds [0x000001791ae00000, 0x000001791b6d0000, 0x000001791de00000]
 total_blobs=4584 nmethods=3994 adapters=515
 compilation: enabled
              stopped_count=0, restarted_count=0
 full_count=0

Compilation events (20 events):
Event: 8.011 Thread 0x0000017928e6bd10 nmethod 3983 0x000001791b6bc310 code [0x000001791b6bc4a0, 0x000001791b6bc578]
Event: 8.011 Thread 0x0000017927cf52c0 nmethod 3982 0x000001791b6bc610 code [0x000001791b6bc7a0, 0x000001791b6bc8f8]
Event: 8.022 Thread 0x0000017927cf52c0 3984       1       java.lang.Character::isDigit (9 bytes)
Event: 8.022 Thread 0x000001792157c0d0 3985       1       java.lang.CharacterDataLatin1::isDigit (18 bytes)
Event: 8.022 Thread 0x000001792157c0d0 nmethod 3985 0x000001791b6bca10 code [0x000001791b6bcba0, 0x000001791b6bcc98]
Event: 8.022 Thread 0x0000017927cf52c0 nmethod 3984 0x000001791b6bcd10 code [0x000001791b6bcec0, 0x000001791b6bcfb8]
Event: 8.136 Thread 0x0000017927cf52c0 3986       1       java.lang.invoke.MethodHandle::viewAsType (33 bytes)
Event: 8.136 Thread 0x0000017927cf52c0 nmethod 3986 0x000001791b6bdc90 code [0x000001791b6bde20, 0x000001791b6bdf28]
Event: 8.182 Thread 0x0000017928e6bd10 3987       1       java.util.stream.StreamSpliterators$WrappingSpliterator$$Lambda$198/0x0000000800cad820::accept (9 bytes)
Event: 8.182 Thread 0x0000017928e6bd10 nmethod 3987 0x000001791b6be590 code [0x000001791b6be720, 0x000001791b6be828]
Event: 8.183 Thread 0x0000017927cf52c0 3988       1       java.beans.Introspector::decapitalize (68 bytes)
Event: 8.183 Thread 0x0000017928e6bd10 3989       1       java.lang.Class::privateGetDeclaredFields (64 bytes)
Event: 8.183 Thread 0x000001792157c0d0 3990       1       java.util.stream.SpinedBuffer::get (123 bytes)
Event: 8.183 Thread 0x0000017928e6bd10 nmethod 3989 0x000001791b6be890 code [0x000001791b6bea80, 0x000001791b6bee38]
Event: 8.184 Thread 0x0000017927cf52c0 nmethod 3988 0x000001791b6bf010 code [0x000001791b6bf260, 0x000001791b6bf9a8]
Event: 8.184 Thread 0x000001792157c0d0 nmethod 3990 0x000001791b6bff10 code [0x000001791b6c0120, 0x000001791b6c05f8]
Event: 8.195 Thread 0x000001792157c0d0 3991       1       java.util.Formatter$FixedString::index (3 bytes)
Event: 8.195 Thread 0x000001792157c0d0 nmethod 3991 0x000001791b6c0990 code [0x000001791b6c0b20, 0x000001791b6c0bf8]
Event: 8.227 Thread 0x0000017927cf52c0 3992       1       java.net.InetAddress::holder (5 bytes)
Event: 8.227 Thread 0x0000017927cf52c0 nmethod 3992 0x000001791b6c1090 code [0x000001791b6c1220, 0x000001791b6c12f8]

GC Heap History (20 events):
Event: 1.299 GC heap before
{Heap before GC invocations=0 (full 0):
 garbage-first heap   total 98304K, used 13312K [0x00000000a0c00000, 0x0000000100000000)
  region size 1024K, 13 young (13312K), 0 survivors (0K)
 Metaspace       used 3477K, committed 3712K, reserved 1114112K
  class space    used 407K, committed 512K, reserved 1048576K
}
Event: 1.311 GC heap after
{Heap after GC invocations=1 (full 0):
 garbage-first heap   total 98304K, used 6176K [0x00000000a0c00000, 0x0000000100000000)
  region size 1024K, 2 young (2048K), 2 survivors (2048K)
 Metaspace       used 3477K, committed 3712K, reserved 1114112K
  class space    used 407K, committed 512K, reserved 1048576K
}
Event: 1.968 GC heap before
{Heap before GC invocations=1 (full 0):
 garbage-first heap   total 98304K, used 16416K [0x00000000a0c00000, 0x0000000100000000)
  region size 1024K, 12 young (12288K), 2 survivors (2048K)
 Metaspace       used 6688K, committed 6848K, reserved 1114112K
  class space    used 786K, committed 832K, reserved 1048576K
}
Event: 1.974 GC heap after
{Heap after GC invocations=2 (full 0):
 garbage-first heap   total 98304K, used 7264K [0x00000000a0c00000, 0x0000000100000000)
  region size 1024K, 1 young (1024K), 1 survivors (1024K)
 Metaspace       used 6688K, committed 6848K, reserved 1114112K
  class space    used 786K, committed 832K, reserved 1048576K
}
Event: 2.644 GC heap before
{Heap before GC invocations=2 (full 0):
 garbage-first heap   total 98304K, used 30816K [0x00000000a0c00000, 0x0000000100000000)
  region size 1024K, 25 young (25600K), 1 survivors (1024K)
 Metaspace       used 10894K, committed 11200K, reserved 1114112K
  class space    used 1429K, committed 1600K, reserved 1048576K
}
Event: 2.648 GC heap after
{Heap after GC invocations=3 (full 0):
 garbage-first heap   total 98304K, used 8843K [0x00000000a0c00000, 0x0000000100000000)
  region size 1024K, 3 young (3072K), 3 survivors (3072K)
 Metaspace       used 10894K, committed 11200K, reserved 1114112K
  class space    used 1429K, committed 1600K, reserved 1048576K
}
Event: 3.922 GC heap before
{Heap before GC invocations=3 (full 0):
 garbage-first heap   total 98304K, used 63115K [0x00000000a0c00000, 0x0000000100000000)
  region size 1024K, 57 young (58368K), 3 survivors (3072K)
 Metaspace       used 18857K, committed 19136K, reserved 1114112K
  class space    used 2434K, committed 2560K, reserved 1048576K
}
Event: 3.931 GC heap after
{Heap after GC invocations=4 (full 0):
 garbage-first heap   total 98304K, used 12091K [0x00000000a0c00000, 0x0000000100000000)
  region size 1024K, 6 young (6144K), 6 survivors (6144K)
 Metaspace       used 18857K, committed 19136K, reserved 1114112K
  class space    used 2434K, committed 2560K, reserved 1048576K
}
Event: 4.544 GC heap before
{Heap before GC invocations=4 (full 0):
 garbage-first heap   total 98304K, used 30523K [0x00000000a0c00000, 0x0000000100000000)
  region size 1024K, 25 young (25600K), 6 survivors (6144K)
 Metaspace       used 21240K, committed 21504K, reserved 1114112K
  class space    used 2789K, committed 2944K, reserved 1048576K
}
Event: 4.552 GC heap after
{Heap after GC invocations=5 (full 0):
 garbage-first heap   total 98304K, used 13717K [0x00000000a0c00000, 0x0000000100000000)
  region size 1024K, 5 young (5120K), 5 survivors (5120K)
 Metaspace       used 21240K, committed 21504K, reserved 1114112K
  class space    used 2789K, committed 2944K, reserved 1048576K
}
Event: 5.419 GC heap before
{Heap before GC invocations=6 (full 0):
 garbage-first heap   total 51200K, used 39317K [0x00000000a0c00000, 0x0000000100000000)
  region size 1024K, 30 young (30720K), 5 survivors (5120K)
 Metaspace       used 25179K, committed 25600K, reserved 1114112K
  class space    used 3404K, committed 3584K, reserved 1048576K
}
Event: 5.435 GC heap after
{Heap after GC invocations=7 (full 0):
 garbage-first heap   total 51200K, used 15787K [0x00000000a0c00000, 0x0000000100000000)
  region size 1024K, 4 young (4096K), 4 survivors (4096K)
 Metaspace       used 25179K, committed 25600K, reserved 1114112K
  class space    used 3404K, committed 3584K, reserved 1048576K
}
Event: 6.123 GC heap before
{Heap before GC invocations=7 (full 0):
 garbage-first heap   total 51200K, used 36267K [0x00000000a0c00000, 0x0000000100000000)
  region size 1024K, 24 young (24576K), 4 survivors (4096K)
 Metaspace       used 28136K, committed 28608K, reserved 1114112K
  class space    used 3762K, committed 3968K, reserved 1048576K
}
Event: 6.129 GC heap after
{Heap after GC invocations=8 (full 0):
 garbage-first heap   total 51200K, used 17537K [0x00000000a0c00000, 0x0000000100000000)
  region size 1024K, 2 young (2048K), 2 survivors (2048K)
 Metaspace       used 28136K, committed 28608K, reserved 1114112K
  class space    used 3762K, committed 3968K, reserved 1048576K
}
Event: 6.703 GC heap before
{Heap before GC invocations=8 (full 0):
 garbage-first heap   total 51200K, used 38017K [0x00000000a0c00000, 0x0000000100000000)
  region size 1024K, 22 young (22528K), 2 survivors (2048K)
 Metaspace       used 32311K, committed 32832K, reserved 1114112K
  class space    used 4391K, committed 4608K, reserved 1048576K
}
Event: 6.706 GC heap after
{Heap after GC invocations=9 (full 0):
 garbage-first heap   total 51200K, used 18646K [0x00000000a0c00000, 0x0000000100000000)
  region size 1024K, 2 young (2048K), 2 survivors (2048K)
 Metaspace       used 32311K, committed 32832K, reserved 1114112K
  class space    used 4391K, committed 4608K, reserved 1048576K
}
Event: 7.157 GC heap before
{Heap before GC invocations=9 (full 0):
 garbage-first heap   total 51200K, used 29910K [0x00000000a0c00000, 0x0000000100000000)
  region size 1024K, 14 young (14336K), 2 survivors (2048K)
 Metaspace       used 35462K, committed 35968K, reserved 1114112K
  class space    used 4782K, committed 5056K, reserved 1048576K
}
Event: 7.160 GC heap after
{Heap after GC invocations=10 (full 0):
 garbage-first heap   total 51200K, used 19174K [0x00000000a0c00000, 0x0000000100000000)
  region size 1024K, 2 young (2048K), 2 survivors (2048K)
 Metaspace       used 35462K, committed 35968K, reserved 1114112K
  class space    used 4782K, committed 5056K, reserved 1048576K
}
Event: 7.840 GC heap before
{Heap before GC invocations=11 (full 0):
 garbage-first heap   total 51200K, used 38630K [0x00000000a0c00000, 0x0000000100000000)
  region size 1024K, 22 young (22528K), 2 survivors (2048K)
 Metaspace       used 40022K, committed 40512K, reserved 1114112K
  class space    used 5397K, committed 5632K, reserved 1048576K
}
Event: 7.845 GC heap after
{Heap after GC invocations=12 (full 0):
 garbage-first heap   total 51200K, used 20570K [0x00000000a0c00000, 0x0000000100000000)
  region size 1024K, 3 young (3072K), 3 survivors (3072K)
 Metaspace       used 40022K, committed 40512K, reserved 1114112K
  class space    used 5397K, committed 5632K, reserved 1048576K
}

Deoptimization events (20 events):
Event: 8.186 Thread 0x000001792157a390 DEOPT PACKING pc=0x000001791b10f25c sp=0x0000003246cfc690
Event: 8.186 Thread 0x000001792157a390 DEOPT UNPACKING pc=0x000001791ae52b43 sp=0x0000003246cfbb68 mode 1
Event: 8.187 Thread 0x000001792157a390 DEOPT PACKING pc=0x000001791b125939 sp=0x0000003246cfbba0
Event: 8.187 Thread 0x000001792157a390 DEOPT UNPACKING pc=0x000001791ae52b43 sp=0x0000003246cfaff8 mode 1
Event: 8.187 Thread 0x000001792157a390 DEOPT PACKING pc=0x000001791b124cfc sp=0x0000003246cfbc30
Event: 8.187 Thread 0x000001792157a390 DEOPT UNPACKING pc=0x000001791ae52b43 sp=0x0000003246cfb0e8 mode 1
Event: 8.187 Thread 0x000001792157a390 DEOPT PACKING pc=0x000001791b10ef64 sp=0x0000003246cfc600
Event: 8.187 Thread 0x000001792157a390 DEOPT UNPACKING pc=0x000001791ae52b43 sp=0x0000003246cfbac8 mode 1
Event: 8.187 Thread 0x000001792157a390 DEOPT PACKING pc=0x000001791b10f25c sp=0x0000003246cfc690
Event: 8.187 Thread 0x000001792157a390 DEOPT UNPACKING pc=0x000001791ae52b43 sp=0x0000003246cfbb68 mode 1
Event: 8.195 Thread 0x0000017921577370 DEOPT PACKING pc=0x000001791b001f57 sp=0x00000032473fe7d0
Event: 8.195 Thread 0x0000017921577370 DEOPT UNPACKING pc=0x000001791ae52b43 sp=0x00000032473fdc80 mode 1
Event: 8.197 Thread 0x0000017921577370 DEOPT PACKING pc=0x000001791b125939 sp=0x00000032473fdb20
Event: 8.197 Thread 0x0000017921577370 DEOPT UNPACKING pc=0x000001791ae52b43 sp=0x00000032473fcf78 mode 1
Event: 8.197 Thread 0x0000017921577370 DEOPT PACKING pc=0x000001791b124cfc sp=0x00000032473fdbb0
Event: 8.197 Thread 0x0000017921577370 DEOPT UNPACKING pc=0x000001791ae52b43 sp=0x00000032473fd068 mode 1
Event: 8.200 Thread 0x0000017921577370 DEOPT PACKING pc=0x000001791b125939 sp=0x00000032473fdcb0
Event: 8.200 Thread 0x0000017921577370 DEOPT UNPACKING pc=0x000001791ae52b43 sp=0x00000032473fd108 mode 1
Event: 8.200 Thread 0x0000017921577370 DEOPT PACKING pc=0x000001791b124cfc sp=0x00000032473fdd40
Event: 8.200 Thread 0x0000017921577370 DEOPT UNPACKING pc=0x000001791ae52b43 sp=0x00000032473fd1f8 mode 1

Classes loaded (20 events):
Event: 8.218 Loading class net/bytebuddy/description/modifier/ModifierContributor$ForField
Event: 8.218 Loading class net/bytebuddy/description/modifier/ModifierContributor$ForField done
Event: 8.219 Loading class net/bytebuddy/description/modifier/TypeManifestation
Event: 8.219 Loading class net/bytebuddy/description/modifier/TypeManifestation done
Event: 8.220 Loading class net/bytebuddy/description/modifier/ModifierContributor$Resolver
Event: 8.220 Loading class net/bytebuddy/description/modifier/ModifierContributor$Resolver done
Event: 8.220 Loading class net/bytebuddy/dynamic/scaffold/InstrumentedType$Default
Event: 8.220 Loading class net/bytebuddy/dynamic/scaffold/InstrumentedType$Default done
Event: 8.222 Loading class net/bytebuddy/description/type/TypeDescription$AbstractBase$OfSimpleType
Event: 8.222 Loading class net/bytebuddy/description/type/TypeDescription$AbstractBase$OfSimpleType done
Event: 8.225 Loading class net/bytebuddy/description/type/TypeList$Explicit
Event: 8.225 Loading class net/bytebuddy/description/type/TypeList$Explicit done
Event: 8.229 Loading class net/bytebuddy/dynamic/scaffold/TypeInitializer$None
Event: 8.229 Loading class net/bytebuddy/dynamic/scaffold/TypeInitializer$None done
Event: 8.230 Loading class net/bytebuddy/implementation/LoadedTypeInitializer$NoOp
Event: 8.230 Loading class net/bytebuddy/implementation/LoadedTypeInitializer$NoOp done
Event: 8.231 Loading class net/bytebuddy/description/type/TypeDescription$LazyProxy
Event: 8.231 Loading class net/bytebuddy/description/type/TypeDescription$LazyProxy done
Event: 8.232 Loading class net/bytebuddy/implementation/bytecode/StackSize
Event: 8.232 Loading class net/bytebuddy/implementation/bytecode/StackSize done

Classes unloaded (0 events):
No events

Classes redefined (0 events):
No events

Internal exceptions (20 events):
Event: 5.779 Thread 0x000001792157a390 Exception <a 'sun/nio/fs/WindowsException'{0x00000000a35c9ab0}> (0x00000000a35c9ab0) 
thrown [s\open\src\hotspot\share\prims\jni.cpp, line 516]
Event: 5.837 Thread 0x000001792157a390 Exception <a 'java/lang/NoSuchMethodError'{0x00000000a34f8268}: 'java.lang.Object java.lang.invoke.DirectMethodHandle$Holder.invokeSpecial(java.lang.Object, java.lang.Object, long, java.lang.Object, java.lang.Object, java.lang.Object, java.lang.Object, java.lang.Object, java.lang.Object)'> (0x00000000a34f8268) 
thrown [s\open\src\hotspot\share\interpreter\linkResolver.cpp, line 766]
Event: 5.838 Thread 0x000001792157a390 Exception <a 'java/lang/NoSuchMethodError'{0x00000000a34fcd98}: 'java.lang.Object java.lang.invoke.DelegatingMethodHandle$Holder.reinvoke_L(java.lang.Object, long, java.lang.Object, java.lang.Object, java.lang.Object, java.lang.Object, java.lang.Object, java.lang.Object)'> (0x00000000a34fcd98) 
thrown [s\open\src\hotspot\share\interpreter\linkResolver.cpp, line 766]
Event: 5.839 Thread 0x000001792157a390 Exception <a 'java/lang/NoSuchMethodError'{0x00000000a3309e58}: 'java.lang.Object java.lang.invoke.Invokers$Holder.linkToTargetMethod(java.lang.Object, java.lang.Object, java.lang.Object, java.lang.Object, java.lang.Object, java.lang.Object, java.lang.Object)'> (0x00000000a3309e58) 
thrown [s\open\src\hotspot\share\interpreter\linkResolver.cpp, line 766]
Event: 5.911 Thread 0x000001792157a390 Exception <a 'java/io/FileNotFoundException'{0x00000000a32fc410}> (0x00000000a32fc410) 
thrown [s\open\src\hotspot\share\prims\jni.cpp, line 516]
Event: 5.937 Thread 0x000001792157a390 Exception <a 'java/lang/NoSuchMethodError'{0x00000000a30102f8}: 'int java.lang.invoke.DirectMethodHandle$Holder.invokeInterface(java.lang.Object, java.lang.Object, java.lang.Object, java.lang.Object)'> (0x00000000a30102f8) 
thrown [s\open\src\hotspot\share\interpreter\linkResolver.cpp, line 766]
Event: 6.014 Thread 0x000001792157a390 Exception <a 'java/lang/NoSuchMethodError'{0x00000000a2e9cab0}: 'long java.lang.invoke.DirectMethodHandle$Holder.invokeVirtual(java.lang.Object, java.lang.Object)'> (0x00000000a2e9cab0) 
thrown [s\open\src\hotspot\share\interpreter\linkResolver.cpp, line 766]
Event: 6.046 Thread 0x000001792157a390 Exception <a 'java/lang/NoSuchMethodError'{0x00000000a2d35178}: static Lorg/springframework/security/web/csrf/DefaultCsrfToken;.<clinit>()V> (0x00000000a2d35178) 
thrown [s\open\src\hotspot\share\prims\jni.cpp, line 1104]
Event: 6.158 Thread 0x000001792157a390 Exception <a 'java/lang/NoSuchMethodError'{0x00000000a58983e8}: 'java.lang.Object java.lang.invoke.DirectMethodHandle$Holder.newInvokeSpecial(java.lang.Object, java.lang.Object, java.lang.Object, java.lang.Object, java.lang.Object, java.lang.Object, java.lang.Object, java.lang.Object, java.lang.Object, java.lang.Object, java.lang.Object)'> (0x00000000a58983e8) 
thrown [s\open\src\hotspot\share\interpreter\linkResolver.cpp, line 766]
Event: 6.159 Thread 0x000001792157a390 Exception <a 'java/lang/NoSuchMethodError'{0x00000000a589d610}: 'java.lang.Object java.lang.invoke.DirectMethodHandle$Holder.invokeSpecial(java.lang.Object, java.lang.Object, java.lang.Object, java.lang.Object, java.lang.Object, java.lang.Object, java.lang.Object, java.lang.Object, java.lang.Object, java.lang.Object, java.lang.Object, java.lang.Object)'> (0x00000000a589d610) 
thrown [s\open\src\hotspot\share\interpreter\linkResolver.cpp, line 766]
Event: 6.259 Thread 0x000001792157a390 Exception <a 'java/lang/NoSuchMethodError'{0x00000000a5418878}: 'void java.lang.invoke.DelegatingMethodHandle$Holder.reinvoke_L(java.lang.Object, java.lang.Object, java.lang.Object, java.lang.Object, int, java.lang.Object, java.lang.Object, java.lang.Object)'> (0x00000000a5418878) 
thrown [s\open\src\hotspot\share\interpreter\linkResolver.cpp, line 766]
Event: 6.921 Thread 0x000001792157a390 Exception <a 'java/lang/NoSuchMethodError'{0x00000000a37b2508}: method resolution failed> (0x00000000a37b2508) 
thrown [s\open\src\hotspot\share\prims\methodHandles.cpp, line 1264]
Event: 6.936 Thread 0x000001792157a390 Exception <a 'java/lang/NoSuchMethodError'{0x00000000a3616420}: 'int java.lang.invoke.DirectMethodHandle$Holder.invokeStaticInit(java.lang.Object, java.lang.Object, java.lang.Object, java.lang.Object)'> (0x00000000a3616420) 
thrown [s\open\src\hotspot\share\interpreter\linkResolver.cpp, line 766]
Event: 7.257 Thread 0x000001792157a390 Exception <a 'java/lang/NoSuchMethodError'{0x00000000a57469b0}: 'java.lang.Object java.lang.invoke.DirectMethodHandle$Holder.invokeStaticInit(java.lang.Object, java.lang.Object, java.lang.Object, java.lang.Object)'> (0x00000000a57469b0) 
thrown [s\open\src\hotspot\share\interpreter\linkResolver.cpp, line 766]
Event: 7.449 Thread 0x000001792157a390 Exception <a 'java/lang/NoSuchMethodError'{0x00000000a35c9d00}: 'java.lang.Object java.lang.invoke.DirectMethodHandle$Holder.newInvokeSpecial(java.lang.Object, java.lang.Object, java.lang.Object, int)'> (0x00000000a35c9d00) 
thrown [s\open\src\hotspot\share\interpreter\linkResolver.cpp, line 766]
Event: 7.449 Thread 0x000001792157a390 Exception <a 'java/lang/NoSuchMethodError'{0x00000000a35cde10}: 'java.lang.Object java.lang.invoke.DirectMethodHandle$Holder.invokeSpecial(java.lang.Object, java.lang.Object, java.lang.Object, java.lang.Object, int)'> (0x00000000a35cde10) 
thrown [s\open\src\hotspot\share\interpreter\linkResolver.cpp, line 766]
Event: 7.450 Thread 0x000001792157a390 Exception <a 'java/lang/NoSuchMethodError'{0x00000000a35d1518}: 'java.lang.Object java.lang.invoke.Invokers$Holder.linkToTargetMethod(java.lang.Object, java.lang.Object, int, java.lang.Object)'> (0x00000000a35d1518) 
thrown [s\open\src\hotspot\share\interpreter\linkResolver.cpp, line 766]
Event: 7.977 Thread 0x000001792157a390 Exception <a 'java/lang/NoSuchMethodError'{0x00000000a5524b40}: 'java.lang.Object java.lang.invoke.DirectMethodHandle$Holder.invokeStatic(java.lang.Object, java.lang.Object, int, java.lang.Object)'> (0x00000000a5524b40) 
thrown [s\open\src\hotspot\share\interpreter\linkResolver.cpp, line 766]
Event: 7.977 Thread 0x000001792157a390 Exception <a 'java/lang/NoSuchMethodError'{0x00000000a55285d0}: 'java.lang.Object java.lang.invoke.DirectMethodHandle$Holder.invokeStaticInit(java.lang.Object, java.lang.Object, int, java.lang.Object)'> (0x00000000a55285d0) 
thrown [s\open\src\hotspot\share\interpreter\linkResolver.cpp, line 766]
Event: 8.032 Thread 0x000001792157a390 Exception <a 'java/lang/IncompatibleClassChangeError'{0x00000000a54d9b38}: Found class java.lang.Object, but interface was expected> (0x00000000a54d9b38) 
thrown [s\open\src\hotspot\share\interpreter\linkResolver.cpp, line 833]

VM Operations (20 events):
Event: 5.970 Executing VM operation: HandshakeAllThreads
Event: 5.970 Executing VM operation: HandshakeAllThreads done
Event: 6.070 Executing VM operation: HandshakeAllThreads
Event: 6.070 Executing VM operation: HandshakeAllThreads done
Event: 6.122 Executing VM operation: G1CollectForAllocation
Event: 6.129 Executing VM operation: G1CollectForAllocation done
Event: 6.354 Executing VM operation: HandshakeAllThreads
Event: 6.354 Executing VM operation: HandshakeAllThreads done
Event: 6.702 Executing VM operation: G1CollectForAllocation
Event: 6.706 Executing VM operation: G1CollectForAllocation done
Event: 7.157 Executing VM operation: CollectForMetadataAllocation
Event: 7.160 Executing VM operation: CollectForMetadataAllocation done
Event: 7.196 Executing VM operation: CollectForMetadataAllocation
Event: 7.196 Executing VM operation: CollectForMetadataAllocation done
Event: 7.206 Executing VM operation: G1Concurrent
Event: 7.210 Executing VM operation: G1Concurrent done
Event: 7.229 Executing VM operation: G1Concurrent
Event: 7.229 Executing VM operation: G1Concurrent done
Event: 7.840 Executing VM operation: G1CollectForAllocation
Event: 7.845 Executing VM operation: G1CollectForAllocation done

Events (20 events):
Event: 0.839 Loaded shared library C:\Program Files\Java\jdk-18.0.1.1\bin\net.dll
Event: 0.841 Loaded shared library C:\Program Files\Java\jdk-18.0.1.1\bin\nio.dll
Event: 0.850 Loaded shared library C:\Program Files\Java\jdk-18.0.1.1\bin\zip.dll
Event: 0.986 Loaded shared library C:\Program Files\Java\jdk-18.0.1.1\bin\management.dll
Event: 1.012 Loaded shared library C:\Program Files\Java\jdk-18.0.1.1\bin\management_ext.dll
Event: 1.447 Thread 0x00000179215786b0 Thread added: 0x00000179215786b0
Event: 2.091 Thread 0x0000017921579ec0 Thread added: 0x0000017921579ec0
Event: 2.095 Thread 0x000001792157a390 Thread added: 0x000001792157a390
Event: 2.618 Thread 0x00000179215799f0 Thread added: 0x00000179215799f0
Event: 2.722 Loaded shared library C:\Program Files\Java\jdk-18.0.1.1\bin\verify.dll
Event: 2.802 Thread 0x0000017928e6bd10 Thread added: 0x0000017928e6bd10
Event: 3.119 Thread 0x00000179215799f0 Thread exited: 0x00000179215799f0
Event: 3.295 Thread 0x000001792157a860 Thread added: 0x000001792157a860
Event: 3.422 Thread 0x000001792157a860 Thread exited: 0x000001792157a860
Event: 5.676 Loaded shared library C:\Program Files\Java\jdk-18.0.1.1\bin\sunmscapi.dll
Event: 6.078 Thread 0x00000179215799f0 Thread added: 0x00000179215799f0
Event: 6.080 Thread 0x000001792157a860 Thread added: 0x000001792157a860
Event: 6.086 Thread 0x0000017921576ea0 Thread added: 0x0000017921576ea0
Event: 7.155 Thread 0x0000017921577d10 Thread added: 0x0000017921577d10
Event: 7.267 Thread 0x0000017921577370 Thread added: 0x0000017921577370


Dynamic libraries:
0x00007ff6297d0000 - 0x00007ff6297e0000 	C:\Program Files\Java\jdk-18.0.1.1\bin\java.exe
0x00007ffb23c70000 - 0x00007ffb23e5e000 	C:\Windows\SYSTEM32\ntdll.dll
0x00007ffb210d0000 - 0x00007ffb21183000 	C:\Windows\System32\KERNEL32.DLL
0x00007ffb20b20000 - 0x00007ffb20dbc000 	C:\Windows\System32\KERNELBASE.dll
0x00007ffb1fd10000 - 0x00007ffb1fe0a000 	C:\Windows\System32\ucrtbase.dll
0x00007ffb087d0000 - 0x00007ffb087e8000 	C:\Program Files\Java\jdk-18.0.1.1\bin\jli.dll
0x00007ffb229d0000 - 0x00007ffb22a77000 	C:\Windows\System32\ADVAPI32.dll
0x00007ffb231d0000 - 0x00007ffb2326e000 	C:\Windows\System32\msvcrt.dll
0x00007ffb0b0c0000 - 0x00007ffb0b0da000 	C:\Program Files\Java\jdk-18.0.1.1\bin\VCRUNTIME140.dll
0x00007ffb211f0000 - 0x00007ffb2128f000 	C:\Windows\System32\sechost.dll
0x00007ffb23b20000 - 0x00007ffb23c3d000 	C:\Windows\System32\RPCRT4.dll
0x00007ffb23030000 - 0x00007ffb231c8000 	C:\Windows\System32\USER32.dll
0x00007ffb1fea0000 - 0x00007ffb1fec0000 	C:\Windows\System32\win32u.dll
0x00007ffb23700000 - 0x00007ffb23729000 	C:\Windows\System32\GDI32.dll
0x00007ffb0f580000 - 0x00007ffb0f7f9000 	C:\Windows\WinSxS\amd64_microsoft.windows.common-controls_6595b64144ccf1df_6.0.17763.4131_none_de70d21e534b9adf\COMCTL32.dll
0x00007ffb1ff70000 - 0x00007ffb20110000 	C:\Windows\System32\gdi32full.dll
0x00007ffb233d0000 - 0x00007ffb236fc000 	C:\Windows\System32\combase.dll
0x00007ffb20330000 - 0x00007ffb203d0000 	C:\Windows\System32\msvcp_win.dll
0x00007ffb1fe10000 - 0x00007ffb1fe92000 	C:\Windows\System32\bcryptPrimitives.dll
0x00007ffb1f930000 - 0x00007ffb1f93a000 	C:\Windows\SYSTEM32\VERSION.dll
0x00007ffb22940000 - 0x00007ffb2296e000 	C:\Windows\System32\IMM32.DLL
0x00007ffb1f940000 - 0x00007ffb1fa37000 	C:\Windows\system32\guard64.dll
0x00007ffb23270000 - 0x00007ffb233c6000 	C:\Windows\System32\ole32.dll
0x00007ffb1f8c0000 - 0x00007ffb1f8ca000 	C:\Windows\system32\fltlib.dll
0x00007ffb0b1a0000 - 0x00007ffb0b1ac000 	C:\Program Files\Java\jdk-18.0.1.1\bin\vcruntime140_1.dll
0x00007ffafe0a0000 - 0x00007ffafe12d000 	C:\Program Files\Java\jdk-18.0.1.1\bin\msvcp140.dll
0x00007ffacece0000 - 0x00007ffacf8f0000 	C:\Program Files\Java\jdk-18.0.1.1\bin\server\jvm.dll
0x00007ffb21410000 - 0x00007ffb21418000 	C:\Windows\System32\PSAPI.DLL
0x00007ffb1c410000 - 0x00007ffb1c419000 	C:\Windows\SYSTEM32\WSOCK32.dll
0x00007ffb21290000 - 0x00007ffb212fd000 	C:\Windows\System32\WS2_32.dll
0x00007ffb1ccb0000 - 0x00007ffb1ccd4000 	C:\Windows\SYSTEM32\WINMM.dll
0x00007ffb1c820000 - 0x00007ffb1c84d000 	C:\Windows\SYSTEM32\WINMMBASE.dll
0x00007ffb1fec0000 - 0x00007ffb1ff0a000 	C:\Windows\System32\cfgmgr32.dll
0x00007ffb1fcf0000 - 0x00007ffb1fd01000 	C:\Windows\System32\kernel.appcore.dll
0x00007ffb0b0b0000 - 0x00007ffb0b0ba000 	C:\Program Files\Java\jdk-18.0.1.1\bin\jimage.dll
0x00007ffb0c0a0000 - 0x00007ffb0c28d000 	C:\Windows\SYSTEM32\DBGHELP.DLL
0x00007ffb0c070000 - 0x00007ffb0c09a000 	C:\Windows\SYSTEM32\dbgcore.DLL
0x00007ffb0b510000 - 0x00007ffb0b54b000 	C:\Program Files\Java\jdk-18.0.1.1\bin\jdwp.dll
0x00007ffb0df30000 - 0x00007ffb0df3e000 	C:\Program Files\Java\jdk-18.0.1.1\bin\instrument.dll
0x00007ffb082f0000 - 0x00007ffb08315000 	C:\Program Files\Java\jdk-18.0.1.1\bin\java.dll
0x00007ffb03f60000 - 0x00007ffb03f78000 	C:\Program Files\Java\jdk-18.0.1.1\bin\zip.dll
0x00007ffafbbd0000 - 0x00007ffafbca6000 	C:\Program Files\Java\jdk-18.0.1.1\bin\jsvml.dll
0x00007ffb21430000 - 0x00007ffb22928000 	C:\Windows\System32\SHELL32.dll
0x00007ffb21360000 - 0x00007ffb21407000 	C:\Windows\System32\shcore.dll
0x00007ffb203d0000 - 0x00007ffb20b19000 	C:\Windows\System32\windows.storage.dll
0x00007ffb1fcc0000 - 0x00007ffb1fce3000 	C:\Windows\System32\profapi.dll
0x00007ffb1fc40000 - 0x00007ffb1fc9d000 	C:\Windows\System32\powrprof.dll
0x00007ffb21190000 - 0x00007ffb211e2000 	C:\Windows\System32\shlwapi.dll
0x00007ffb20110000 - 0x00007ffb2012b000 	C:\Windows\System32\cryptsp.dll
0x00007ffb0ba10000 - 0x00007ffb0ba1c000 	C:\Program Files\Java\jdk-18.0.1.1\bin\dt_socket.dll
0x00007ffb1f020000 - 0x00007ffb1f05d000 	C:\Windows\SYSTEM32\IPHLPAPI.DLL
0x00007ffb1f310000 - 0x00007ffb1f377000 	C:\Windows\system32\mswsock.dll
0x00007ffb06820000 - 0x00007ffb06833000 	C:\Program Files\Java\jdk-18.0.1.1\bin\net.dll
0x00007ffb14860000 - 0x00007ffb1495f000 	C:\Windows\SYSTEM32\WINHTTP.dll
0x00007ffb05890000 - 0x00007ffb058a6000 	C:\Program Files\Java\jdk-18.0.1.1\bin\nio.dll
0x00007ffb1f070000 - 0x00007ffb1f136000 	C:\Windows\SYSTEM32\DNSAPI.dll
0x00007ffb21420000 - 0x00007ffb21428000 	C:\Windows\System32\NSI.dll
0x00007ffb09920000 - 0x00007ffb0992a000 	C:\Windows\System32\rasadhlp.dll
0x00007ffb0c640000 - 0x00007ffb0c6b9000 	C:\Windows\System32\fwpuclnt.dll
0x00007ffb20e70000 - 0x00007ffb20e96000 	C:\Windows\System32\bcrypt.dll
0x00007ffb0b6f0000 - 0x00007ffb0b6f9000 	C:\Program Files\Java\jdk-18.0.1.1\bin\management.dll
0x00007ffb087c0000 - 0x00007ffb087cb000 	C:\Program Files\Java\jdk-18.0.1.1\bin\management_ext.dll
0x00007ffb1ee90000 - 0x00007ffb1eec3000 	C:\Windows\system32\rsaenh.dll
0x00007ffb1fb40000 - 0x00007ffb1fb69000 	C:\Windows\SYSTEM32\USERENV.dll
0x00007ffb1f4e0000 - 0x00007ffb1f4ec000 	C:\Windows\SYSTEM32\CRYPTBASE.dll
0x00007ffb15360000 - 0x00007ffb15376000 	C:\Windows\SYSTEM32\dhcpcsvc6.DLL
0x00007ffb158c0000 - 0x00007ffb158dc000 	C:\Windows\SYSTEM32\dhcpcsvc.DLL
0x00007ffb05830000 - 0x00007ffb05846000 	C:\Windows\system32\napinsp.dll
0x00007ffb05810000 - 0x00007ffb0582a000 	C:\Windows\system32\pnrpnsp.dll
0x00007ffb05800000 - 0x00007ffb0580e000 	C:\Windows\System32\winrnr.dll
0x00007ffb1c310000 - 0x00007ffb1c32b000 	C:\Windows\system32\NLAapi.dll
0x00007ffb17440000 - 0x00007ffb17455000 	C:\Windows\system32\wshbth.dll
0x00007ffb08f70000 - 0x00007ffb08f80000 	C:\Program Files\Java\jdk-18.0.1.1\bin\verify.dll
0x00007ffb1c350000 - 0x00007ffb1c35e000 	C:\Program Files\Java\jdk-18.0.1.1\bin\sunmscapi.dll
0x00007ffb20130000 - 0x00007ffb20325000 	C:\Windows\System32\CRYPT32.dll
0x00007ffb1fca0000 - 0x00007ffb1fcb2000 	C:\Windows\System32\MSASN1.dll
0x00007ffb1f5e0000 - 0x00007ffb1f60c000 	C:\Windows\SYSTEM32\ncrypt.dll
0x00007ffb1f5a0000 - 0x00007ffb1f5dc000 	C:\Windows\SYSTEM32\NTASN1.dll

dbghelp: loaded successfully - version: 4.0.5 - missing functions: none
symbol engine: initialized successfully - sym options: 0x614 - pdb path: .;C:\Program Files\Java\jdk-18.0.1.1\bin;C:\Windows\SYSTEM32;C:\Windows\WinSxS\amd64_microsoft.windows.common-controls_6595b64144ccf1df_6.0.17763.4131_none_de70d21e534b9adf;C:\Program Files\Java\jdk-18.0.1.1\bin\server

VM Arguments:
jvm_args: -agentlib:jdwp=transport=dt_socket,address=127.0.0.1:50838,suspend=y,server=n -XX:TieredStopAtLevel=1 -Dspring.output.ansi.enabled=always -Dcom.sun.management.jmxremote -Dspring.jmx.enabled=true -Dspring.liveBeansView.mbeanDomain -Dspring.application.admin.enabled=true -Dmanagement.endpoints.jmx.exposure.include=* -javaagent:C:\Users\Asus\AppData\Local\JetBrains\IntelliJIdea2022.3\captureAgent\debugger-agent.jar -Dfile.encoding=UTF-8 -Dsun.stdout.encoding=UTF-8 -Dsun.stderr.encoding=UTF-8 
java_command: ru.maxima.finalproject.FinalprojectApplication
java_class_path (initial): C:\Users\Asus\IdeaProjects\finalproject\target\classes;C:\Users\Asus\.m2\repository\org\springframework\boot\spring-boot-starter-data-jpa\3.0.5\spring-boot-starter-data-jpa-3.0.5.jar;C:\Users\Asus\.m2\repository\org\springframework\boot\spring-boot-starter-aop\3.0.5\spring-boot-starter-aop-3.0.5.jar;C:\Users\Asus\.m2\repository\org\aspectj\aspectjweaver\1.9.19\aspectjweaver-1.9.19.jar;C:\Users\Asus\.m2\repository\org\springframework\boot\spring-boot-starter-jdbc\3.0.5\spring-boot-starter-jdbc-3.0.5.jar;C:\Users\Asus\.m2\repository\com\zaxxer\HikariCP\5.0.1\HikariCP-5.0.1.jar;C:\Users\Asus\.m2\repository\org\springframework\spring-jdbc\6.0.7\spring-jdbc-6.0.7.jar;C:\Users\Asus\.m2\repository\org\hibernate\orm\hibernate-core\6.1.7.Final\hibernate-core-6.1.7.Final.jar;C:\Users\Asus\.m2\repository\jakarta\persistence\jakarta.persistence-api\3.1.0\jakarta.persistence-api-3.1.0.jar;C:\Users\Asus\.m2\repository\jakarta\transaction\jakarta.transaction-api\2.0.1\jakarta.transaction-api-2.0.1.jar;C:\Users\Asus\.m2\repository\org\jboss\logging\jboss-logging\3.5.0.Final\jboss-logging-3.5.0.Final.jar;C:\Users\Asus\.m2\repository\org\hibernate\common\hibernate-commons-annotations\6.0.6.Final\hibernate-commons-annotations-6.0.6.Final.jar;C:\Users\Asus\.m2\repository\org\jboss\jandex\2.4.2.Final\jandex-2.4.2.Final.jar;C:\Users\Asus\.m2\repository\com\fasterxml\classmate\1.5.1\classmate-1.5.1.jar;C:\Users\Asus\.m2\repository\net\bytebuddy\byte-buddy\1.12.23\byte-buddy-1.12.23.jar;C:\Users\Asus\.m2\repository\org\glassfish\jaxb\jaxb-runtime\4.0.2\jaxb-runtime-4.0.2.jar;C:\Users\Asus\.m2\repository\org\glassfish\jaxb\jaxb-core\4.0.2\jaxb-core-4.0.2.jar;C:\Users\Asus\.m2\repository\org\eclipse\angus\angus-activation\2.0.0\angus-activation-2.0.0.jar;C:\Users\Asus\.m2\repository\org\glassfish\jaxb\txw2\4.0.2\txw2-4.0.2.jar;C:\Users\Asus\.m2\repository\com\sun\istack\istack-commons-runtime\4.1.1\istack-commons-runtime-4.1.1.jar;C:\Users\Asus\.m2\repository\jakarta\inject\jakarta.inject-api\2.0.0\jakarta.inject-api-2.0.0.jar;C:\Users\Asus\.m2\repository\org\antlr\antlr4-runtime\4.10.1\antlr4-runtime-4.10.1.jar;C:\Users\Asus\.m2\repository\org\springframework\data\spring-data-jpa\3.0.4\spring-data-jpa-3.0.4.jar;C:\Users\Asus\.m2\repository\org\springframework\data\spring-data-commons\3.0.4\spring-data-commons-3.0.4.jar;C:\Users\Asus\.m2\repository\org\springframework\spring-orm\6.0.7\spring-orm-6.0.7.jar;C:\Users\Asus\.m2\repository\org\springframework\spring-tx\6.0.7\spring-tx-6.0.7.jar;C:\Users\Asus\.m2\repository\jakarta\annotation\jakarta.annotation-api\2.1.1\jakarta.annotation-api-2.1.1.jar;C:\Users\Asus\.m2\repository\org\slf4j\slf4j-api\2.0.7\slf4j-api-2.0.7.jar;C:\Users\Asus\.m2\repository\org\springframework\spring-aspects\6.0.7\spring-aspects-6.0.7.jar;C:\Users\Asus\.m2\repository\org\springframework\boot\spring-boot-starter-security\3.0.5\spring-boot-starter-security-3.0.5.jar;C:\Users\Asus\.m2\repository\org\springframework\boot\spring-boot-starter\3.0.5\spring-boot-starter-3.0.5.jar;C:\Users\Asus\.m2\repository\org\springframework\boot\spring-boot-starter-logging\3.0.5\spring-boot-starter-logging-3.0.5.jar;C:\Users\Asus\.m2\repository\ch\qos\logback\logback-classic\1.4.6\logback-classic-1.4.6.jar;C:\Users\Asus\.m2\repository\ch\qos\logback\logback-core\1.4.6\logback-core-1.4.6.jar;C:\Users\Asus\.m2\repository\org\apache\logging\log4j\log4j-to-slf4j\2.19.0\log4j-to-slf4j-2.19.0.jar;C:\Users\Asus\.m2\repository\org\apache\logging\log4j\log4j-api\2.19.0\log4j-api-2.19.0.jar;C:\Users\Asus\.m2\repository\org\slf4j\jul-to-slf4j\2.0.7\jul-to-slf4j-2.0.7.jar;C:\Users\Asus\.m2\repository\org\yaml\snakeyaml\1.33\snakeyaml-1.33.jar;C:\Users\Asus\.m2\repository\org\springframework\spring-aop\6.0.7\spring-aop-6.0.7.jar;C:\Users\Asus\.m2\repository\org\springframework\security\spring-security-web\6.0.2\spring-security-web-6.0.2.jar;C:\Users\Asus\.m2\repository\org\springframework\spring-expression\6.0.7\spring-expression-6.0.7.jar;C:\Users\Asus\.m2\repository\org\springframework\boot\spring-boot-starter-web\3.0.5\spring-boot-starter-web-3.0.5.jar;C:\Users\Asus\.m2\repository\org\springframework\boot\spring-boot-starter-json\3.0.5\spring-boot-starter-json-3.0.5.jar;C:\Users\Asus\.m2\repository\com\fasterxml\jackson\core\jackson-databind\2.14.2\jackson-databind-2.14.2.jar;C:\Users\Asus\.m2\repository\com\fasterxml\jackson\core\jackson-annotations\2.14.2\jackson-annotations-2.14.2.jar;C:\Users\Asus\.m2\repository\com\fasterxml\jackson\core\jackson-core\2.14.2\jackson-core-2.14.2.jar;C:\Users\Asus\.m2\repository\com\fasterxml\jackson\datatype\jackson-datatype-jdk8\2.14.2\jackson-datatype-jdk8-2.14.2.jar;C:\Users\Asus\.m2\repository\com\fasterxml\jackson\datatype\jackson-datatype-jsr310\2.14.2\jackson-datatype-jsr310-2.14.2.jar;C:\Users\Asus\.m2\repository\com\fasterxml\jackson\module\jackson-module-parameter-names\2.14.2\jackson-module-parameter-names-2.14.2.jar;C:\Users\Asus\.m2\repository\org\springframework\boot\spring-boot-starter-tomcat\3.0.5\spring-boot-starter-tomcat-3.0.5.jar;C:\Users\Asus\.m2\repository\org\apache\tomcat\embed\tomcat-embed-core\10.1.7\tomcat-embed-core-10.1.7.jar;C:\Users\Asus\.m2\repository\org\apache\tomcat\embed\tomcat-embed-el\10.1.7\tomcat-embed-el-10.1.7.jar;C:\Users\Asus\.m2\repository\org\apache\tomcat\embed\tomcat-embed-websocket\10.1.7\tomcat-embed-websocket-10.1.7.jar;C:\Users\Asus\.m2\repository\org\springframework\spring-web\6.0.7\spring-web-6.0.7.jar;C:\Users\Asus\.m2\repository\io\micrometer\micrometer-observation\1.10.5\micrometer-observation-1.10.5.jar;C:\Users\Asus\.m2\repository\io\micrometer\micrometer-commons\1.10.5\micrometer-commons-1.10.5.jar;C:\Users\Asus\.m2\repository\org\springframework\spring-webmvc\6.0.7\spring-webmvc-6.0.7.jar;C:\Users\Asus\.m2\repository\org\springframework\boot\spring-boot-devtools\3.0.5\spring-boot-devtools-3.0.5.jar;C:\Users\Asus\.m2\repository\org\springframework\boot\spring-boot\3.0.5\spring-boot-3.0.5.jar;C:\Users\Asus\.m2\repository\org\springframework\boot\spring-boot-autoconfigure\3.0.5\spring-boot-autoconfigure-3.0.5.jar;C:\Users\Asus\.m2\repository\org\postgresql\postgresql\42.5.4\postgresql-42.5.4.jar;C:\Users\Asus\.m2\repository\org\checkerframework\checker-qual\3.5.0\checker-qual-3.5.0.jar;C:\Users\Asus\.m2\repository\jakarta\xml\bind\jakarta.xml.bind-api\4.0.0\jakarta.xml.bind-api-4.0.0.jar;C:\Users\Asus\.m2\repository\jakarta\activation\jakarta.activation-api\2.1.1\jakarta.activation-api-2.1.1.jar;C:\Users\Asus\.m2\repository\org\springframework\spring-core\6.0.7\spring-core-6.0.7.jar;C:\Users\Asus\.m2\repository\org\springframework\spring-jcl\6.0.7\spring-jcl-6.0.7.jar;C:\Users\Asus\.m2\repository\org\springframework\security\spring-security-core\6.0.2\spring-security-core-6.0.2.jar;C:\Users\Asus\.m2\repository\org\springframework\security\spring-security-crypto\6.0.2\spring-security-crypto-6.0.2.jar;C:\Users\Asus\.m2\repository\org\springframework\security\spring-security-config\6.0.2\spring-security-config-6.0.2.jar;C:\Users\Asus\.m2\repository\org\springframework\spring-beans\6.0.7\spring-beans-6.0.7.jar;C:\Users\Asus\.m2\repository\org\springframework\spring-context\6.0.7\spring-context-6.0.7.jar;C:\Program Files\JetBrains\IntelliJ IDEA 2022.3.1\lib\idea_rt.jar
Launcher Type: SUN_STANDARD

[Global flags]
     intx CICompilerCount                          = 3                                         {product} {ergonomic}
     uint ConcGCThreads                            = 1                                         {product} {ergonomic}
     uint G1ConcRefinementThreads                  = 4                                         {product} {ergonomic}
   size_t G1HeapRegionSize                         = 1048576                                   {product} {ergonomic}
    uintx GCDrainStackTargetSize                   = 64                                        {product} {ergonomic}
   size_t InitialHeapSize                          = 100663296                                 {product} {ergonomic}
     bool ManagementServer                         = true                                      {product} {command line}
   size_t MarkStackSize                            = 4194304                                   {product} {ergonomic}
   size_t MaxHeapSize                              = 1598029824                                {product} {ergonomic}
   size_t MaxNewSize                               = 958398464                                 {product} {ergonomic}
   size_t MinHeapDeltaBytes                        = 1048576                                   {product} {ergonomic}
   size_t MinHeapSize                              = 8388608                                   {product} {ergonomic}
    uintx NonProfiledCodeHeapSize                  = 0                                      {pd product} {ergonomic}
     bool ProfileInterpreter                       = false                                  {pd product} {command line}
    uintx ProfiledCodeHeapSize                     = 0                                      {pd product} {ergonomic}
   size_t SoftMaxHeapSize                          = 1598029824                             {manageable} {ergonomic}
     intx TieredStopAtLevel                        = 1                                         {product} {command line}
     bool UseCompressedClassPointers               = true                           {product lp64_product} {ergonomic}
     bool UseCompressedOops                        = true                           {product lp64_product} {ergonomic}
     bool UseG1GC                                  = true                                      {product} {ergonomic}
     bool UseLargePagesIndividualAllocation        = false                                  {pd product} {ergonomic}

Logging:
Log output configuration:
 #0: stdout all=warning uptime,level,tags foldmultilines=false
 #1: stderr all=off uptime,level,tags foldmultilines=false

Environment Variables:
PATH=C:\Program Files (x86)\NVIDIA Corporation\PhysX\Common;C:\Program Files\Common Files\Oracle\Java\javapath;C:\Windows\system32;C:\Windows;C:\Windows\System32\Wbem;C:\Windows\System32\WindowsPowerShell\v1.0\;C:\Windows\System32\OpenSSH\;C:\Program Files\Git\cmd;C:\Users\Asus\AppData\Local\Microsoft\WindowsApps;;D:\IDE\IntelliJ IDEA Community Edition 2021.3.2\bin;;C:\Program Files\JetBrains\IntelliJ IDEA 2022.3.1\bin;
USERNAME=Asus
OS=Windows_NT
PROCESSOR_IDENTIFIER=AMD64 Family 23 Model 24 Stepping 1, AuthenticAMD



---------------  S Y S T E M  ---------------

OS:
 Windows 10 , 64 bit Build 17763 (10.0.17763.4131)
OS uptime: 1 days 3:27 hours

CPU: total 4 (initial active 4) (4 cores per cpu, 2 threads per core) family 23 model 24 stepping 1 microcode 0x0, cx8, cmov, fxsr, ht, mmx, 3dnowpref, sse, sse2, sse3, ssse3, sse4a, sse4.1, sse4.2, popcnt, lzcnt, tsc, tscinvbit, avx, avx2, aes, clmul, bmi1, bmi2, adx, sha, fma, vzeroupper, clflush, clflushopt

Memory: 4k page, system-wide physical 6094M (411M free)
TotalPageFile size 10190M (AvailPageFile size 59M)
current process WorkingSet (physical memory assigned to process): 162M, peak: 162M
current process commit charge ("private bytes"): 196M, peak: 209M

vm_info: Java HotSpot(TM) 64-Bit Server VM (18.0.1.1+2-6) for windows-amd64 JRE (18.0.1.1+2-6), built on Apr 25 2022 21:53:15 by "mach5one" with MS VC++ 16.8 / 16.9 (VS2019)

END.
